d:\visual projects\application\application\x64\debug\vc143.pdb
d:\visual projects\application\application\x64\debug\.netframework,version=v4.7.2.assemblyattributes.obj
d:\visual projects\application\application\x64\debug\myform.obj
d:\visual projects\application\application\x64\debug\application.tlog\metagen.write.1.tlog
d:\visual projects\application\x64\debug\application.exe
d:\visual projects\application\application\x64\debug\application.vcxproj.assemblyreference.cache
d:\visual projects\application\application\x64\debug\application.vcxproj.generateresource.cache
d:\visual projects\application\application\x64\debug\application.vcxproj.resolvecomreference.cache
d:\visual projects\application\application\x64\debug\application.myform.resources
d:\visual projects\application\application\x64\debug\application.tlog\cl.command.1.tlog
d:\visual projects\application\application\x64\debug\application.tlog\cl.read.1.tlog
d:\visual projects\application\application\x64\debug\application.tlog\cl.write.1.tlog
d:\visual projects\application\application\x64\debug\application.tlog\metagen.read.1.tlog
d:\visual projects\application\application\x64\debug\application.tlog\rc.command.1.tlog
d:\visual projects\application\application\x64\debug\application.tlog\rc.read.1.tlog
d:\visual projects\application\application\x64\debug\application.tlog\rc.write.1.tlog
d:\visual projects\application\application\x64\debug\application.tlog\resgen.command.1.tlog
d:\visual projects\application\application\x64\debug\application.tlog\resgen.read.1.tlog
d:\visual projects\application\application\x64\debug\application.tlog\resgen.write.1.tlog
d:\visual projects\application\application\x64\debug\application.tlog\axinterop.wmplib.1.0.dll.metagen
d:\visual projects\application\application\x64\debug\application.tlog\interop.wmplib.1.0.dll.metagen
